Warning[2054] C:\Users\Scope11\Documents\Algoritmos-e-Programacao\2024_01\Proteus\ProjetoPIC18F4550\displayLCDv1-4\mascaras.c 21 : suspicious pointer conversion
Warning[2054] C:\Users\Scope11\Documents\Algoritmos-e-Programacao\2024_01\Proteus\ProjetoPIC18F4550\displayLCDv1-4\mascaras.c 22 : suspicious pointer conversion
Warning[2054] C:\Users\Scope11\Documents\Algoritmos-e-Programacao\2024_01\Proteus\ProjetoPIC18F4550\displayLCDv1-4\mascaras.c 23 : suspicious pointer conversion
Warning[2054] C:\Users\Scope11\Documents\Algoritmos-e-Programacao\2024_01\Proteus\ProjetoPIC18F4550\displayLCDv1-4\mascaras.c 24 : suspicious pointer conversion
Warning[2054] C:\Users\Scope11\Documents\Algoritmos-e-Programacao\2024_01\Proteus\ProjetoPIC18F4550\displayLCDv1-4\mascaras.c 32 : suspicious pointer conversion
Warning[2054] C:\Users\Scope11\Documents\Algoritmos-e-Programacao\2024_01\Proteus\ProjetoPIC18F4550\displayLCDv1-4\mascaras.c 33 : suspicious pointer conversion
Warning[2054] C:\Users\Scope11\Documents\Algoritmos-e-Programacao\2024_01\Proteus\ProjetoPIC18F4550\displayLCDv1-4\mascaras.c 34 : suspicious pointer conversion
Warning[2054] C:\Users\Scope11\Documents\Algoritmos-e-Programacao\2024_01\Proteus\ProjetoPIC18F4550\displayLCDv1-4\mascaras.c 35 : suspicious pointer conversion
Warning[2054] C:\Users\Scope11\Documents\Algoritmos-e-Programacao\2024_01\Proteus\ProjetoPIC18F4550\displayLCDv1-4\mascaras.c 39 : suspicious pointer conversion
Warning[2054] C:\Users\Scope11\Documents\Algoritmos-e-Programacao\2024_01\Proteus\ProjetoPIC18F4550\displayLCDv1-4\mascaras.c 40 : suspicious pointer conversion
Warning[2054] C:\Users\Scope11\Documents\Algoritmos-e-Programacao\2024_01\Proteus\ProjetoPIC18F4550\displayLCDv1-4\mascaras.c 41 : suspicious pointer conversion
Warning[2054] C:\Users\Scope11\Documents\Algoritmos-e-Programacao\2024_01\Proteus\ProjetoPIC18F4550\displayLCDv1-4\mascaras.c 42 : suspicious pointer conversion
Warning[2054] C:\Users\Scope11\Documents\Algoritmos-e-Programacao\2024_01\Proteus\ProjetoPIC18F4550\displayLCDv1-4\mascaras.c 48 : suspicious pointer conversion
Warning[2054] C:\Users\Scope11\Documents\Algoritmos-e-Programacao\2024_01\Proteus\ProjetoPIC18F4550\displayLCDv1-4\mascaras.c 49 : suspicious pointer conversion
Warning[2054] C:\Users\Scope11\Documents\Algoritmos-e-Programacao\2024_01\Proteus\ProjetoPIC18F4550\displayLCDv1-4\mascaras.c 50 : suspicious pointer conversion
Warning[2054] C:\Users\Scope11\Documents\Algoritmos-e-Programacao\2024_01\Proteus\ProjetoPIC18F4550\displayLCDv1-4\mascaras.c 56 : suspicious pointer conversion
Warning[2054] C:\Users\Scope11\Documents\Algoritmos-e-Programacao\2024_01\Proteus\ProjetoPIC18F4550\displayLCDv1-4\mascaras.c 57 : suspicious pointer conversion
Warning[2054] C:\Users\Scope11\Documents\Algoritmos-e-Programacao\2024_01\Proteus\ProjetoPIC18F4550\displayLCDv1-4\mascaras.c 58 : suspicious pointer conversion
Warning[2054] C:\Users\Scope11\Documents\Algoritmos-e-Programacao\2024_01\Proteus\ProjetoPIC18F4550\displayLCDv1-4\mascaras.c 65 : suspicious pointer conversion
Warning[2054] C:\Users\Scope11\Documents\Algoritmos-e-Programacao\2024_01\Proteus\ProjetoPIC18F4550\displayLCDv1-4\mascaras.c 66 : suspicious pointer conversion
Warning[2054] C:\Users\Scope11\Documents\Algoritmos-e-Programacao\2024_01\Proteus\ProjetoPIC18F4550\displayLCDv1-4\mascaras.c 67 : suspicious pointer conversion
Warning[2054] C:\Users\Scope11\Documents\Algoritmos-e-Programacao\2024_01\Proteus\ProjetoPIC18F4550\displayLCDv1-4\mascaras.c 73 : suspicious pointer conversion
Warning[2054] C:\Users\Scope11\Documents\Algoritmos-e-Programacao\2024_01\Proteus\ProjetoPIC18F4550\displayLCDv1-4\mascaras.c 74 : suspicious pointer conversion
Warning[2054] C:\Users\Scope11\Documents\Algoritmos-e-Programacao\2024_01\Proteus\ProjetoPIC18F4550\displayLCDv1-4\mascaras.c 75 : suspicious pointer conversion
Warning[2054] C:\Users\Scope11\Documents\Algoritmos-e-Programacao\2024_01\Proteus\ProjetoPIC18F4550\displayLCDv1-4\mascaras.c 76 : suspicious pointer conversion
Warning[2054] C:\Users\Scope11\Documents\Algoritmos-e-Programacao\2024_01\Proteus\ProjetoPIC18F4550\displayLCDv1-4\mascaras.c 82 : suspicious pointer conversion
Warning[2054] C:\Users\Scope11\Documents\Algoritmos-e-Programacao\2024_01\Proteus\ProjetoPIC18F4550\displayLCDv1-4\mascaras.c 83 : suspicious pointer conversion
Warning[2054] C:\Users\Scope11\Documents\Algoritmos-e-Programacao\2024_01\Proteus\ProjetoPIC18F4550\displayLCDv1-4\mascaras.c 84 : suspicious pointer conversion
Warning[2054] C:\Users\Scope11\Documents\Algoritmos-e-Programacao\2024_01\Proteus\ProjetoPIC18F4550\displayLCDv1-4\config.c 34 : suspicious pointer conversion
Warning[2054] C:\Users\Scope11\Documents\Algoritmos-e-Programacao\2024_01\Proteus\ProjetoPIC18F4550\displayLCDv1-4\config.c 34 : suspicious pointer conversion
Warning[2054] C:\Users\Scope11\Documents\Algoritmos-e-Programacao\2024_01\Proteus\ProjetoPIC18F4550\displayLCDv1-4\timer_relogio_pwm.c 167 : suspicious pointer conversion
Warning[2054] C:\Users\Scope11\Documents\Algoritmos-e-Programacao\2024_01\Proteus\ProjetoPIC18F4550\displayLCDv1-4\timer_relogio_pwm.c 170 : suspicious pointer conversion
Warning[2054] C:\Users\Scope11\Documents\Algoritmos-e-Programacao\2024_01\Proteus\ProjetoPIC18F4550\displayLCDv1-4\timer_relogio_pwm.c 173 : suspicious pointer conversion
Warning[2054] C:\Users\Scope11\Documents\Algoritmos-e-Programacao\2024_01\Proteus\ProjetoPIC18F4550\displayLCDv1-4\timer_relogio_pwm.c 176 : suspicious pointer conversion
Warning[2054] C:\Users\Scope11\Documents\Algoritmos-e-Programacao\2024_01\Proteus\ProjetoPIC18F4550\displayLCDv1-4\timer_relogio_pwm.c 179 : suspicious pointer conversion
Warning[2054] C:\Users\Scope11\Documents\Algoritmos-e-Programacao\2024_01\Proteus\ProjetoPIC18F4550\displayLCDv1-4\timer_relogio_pwm.c 182 : suspicious pointer conversion
Warning[2054] C:\Users\Scope11\Documents\Algoritmos-e-Programacao\2024_01\Proteus\ProjetoPIC18F4550\displayLCDv1-4\timer_relogio_pwm.c 185 : suspicious pointer conversion
Warning[2054] C:\Users\Scope11\Documents\Algoritmos-e-Programacao\2024_01\Proteus\ProjetoPIC18F4550\displayLCDv1-4\timer_relogio_pwm.c 188 : suspicious pointer conversion
Warning[2054] C:\Users\Scope11\Documents\Algoritmos-e-Programacao\2024_01\Proteus\ProjetoPIC18F4550\displayLCDv1-4\selecoes_atualizacoes.c 435 : suspicious pointer conversion
Warning[2054] C:\Users\Scope11\Documents\Algoritmos-e-Programacao\2024_01\Proteus\ProjetoPIC18F4550\displayLCDv1-4\selecoes_atualizacoes.c 438 : suspicious pointer conversion
Warning[2054] C:\Users\Scope11\Documents\Algoritmos-e-Programacao\2024_01\Proteus\ProjetoPIC18F4550\displayLCDv1-4\selecoes_atualizacoes.c 441 : suspicious pointer conversion
Warning[2054] C:\Users\Scope11\Documents\Algoritmos-e-Programacao\2024_01\Proteus\ProjetoPIC18F4550\displayLCDv1-4\selecoes_atualizacoes.c 444 : suspicious pointer conversion
Warning[2054] C:\Users\Scope11\Documents\Algoritmos-e-Programacao\2024_01\Proteus\ProjetoPIC18F4550\displayLCDv1-4\selecoes_atualizacoes.c 447 : suspicious pointer conversion
Warning[2054] C:\Users\Scope11\Documents\Algoritmos-e-Programacao\2024_01\Proteus\ProjetoPIC18F4550\displayLCDv1-4\selecoes_atualizacoes.c 450 : suspicious pointer conversion
Warning[2054] C:\Users\Scope11\Documents\Algoritmos-e-Programacao\2024_01\Proteus\ProjetoPIC18F4550\displayLCDv1-4\selecoes_atualizacoes.c 453 : suspicious pointer conversion
Warning[2054] C:\Users\Scope11\Documents\Algoritmos-e-Programacao\2024_01\Proteus\ProjetoPIC18F4550\displayLCDv1-4\telas.c 15 : suspicious pointer conversion
Warning[2054] C:\Users\Scope11\Documents\Algoritmos-e-Programacao\2024_01\Proteus\ProjetoPIC18F4550\displayLCDv1-4\telas.c 69 : suspicious pointer conversion
Warning[2054] C:\Users\Scope11\Documents\Algoritmos-e-Programacao\2024_01\Proteus\ProjetoPIC18F4550\displayLCDv1-4\telas.c 70 : suspicious pointer conversion
Warning[2054] C:\Users\Scope11\Documents\Algoritmos-e-Programacao\2024_01\Proteus\ProjetoPIC18F4550\displayLCDv1-4\telas.c 71 : suspicious pointer conversion
Warning[2054] C:\Users\Scope11\Documents\Algoritmos-e-Programacao\2024_01\Proteus\ProjetoPIC18F4550\displayLCDv1-4\telas.c 84 : suspicious pointer conversion
Warning[2054] C:\Users\Scope11\Documents\Algoritmos-e-Programacao\2024_01\Proteus\ProjetoPIC18F4550\displayLCDv1-4\telas.c 85 : suspicious pointer conversion
Warning[2054] C:\Users\Scope11\Documents\Algoritmos-e-Programacao\2024_01\Proteus\ProjetoPIC18F4550\displayLCDv1-4\telas.c 86 : suspicious pointer conversion
Warning[2054] C:\Users\Scope11\Documents\Algoritmos-e-Programacao\2024_01\Proteus\ProjetoPIC18F4550\displayLCDv1-4\telas.c 87 : suspicious pointer conversion
