
ROM used:   104/31936 (0%)
            104/31936 (0%) including unused fragments

            0.1 Average locations per line
            17.3 Average locations per statement

RAM used:   5/2036 (0%) at main() level
            6/2036 (0%) worst case

Stack used: 0 worst case (0 in main + 0 for interrupts)
Stack size: 30

Lines Stmts  %   Files
----- ----- ---  -----
   21     6 100  main.c
  877     0   0  ..\..\..\..\..\..\..\..\..\..\Program Files (x86)\PICCDEMO\devices\18F4550.h
----- -----
  898     6 Total

Page ROM  %  RAM    Vol Diff  Functions:
---- --- --- ---    --- ----  ----------
0     44  21    1             @delay_ms1
0     56  27    1     86  1.6  main
 Inline         0             @cinit1

Program metrics:
    Functions               1
    Statements              6
    Comments                158
    Volume (V)              90
    Difficulty (D)          1.4
    Effort to implement (E) 125
    Time to implement (T)   0 minutes
    Est Delivered Bugs (B)  0
    Cyclomatic Complexity   1
    Maintainability (MI)    148

 Segment     Used  Free
-----------  ----  ----
00000-00002     4  0  
00004-07CBE   100  31832  



